<?xml version="1.0" encoding="UTF-8"?>
<!-- Generated by org.testng.reporters.JUnitXMLReporter -->
<testsuite hostname="Als-MacBook-Pro.local" ignored="2" name="Default test" tests="1" failures="0" timestamp="04 Apr 2018 08:50:29 GMT" time="4.212" errors="0">
  <testcase name="testFirstNameValidDataWithThirtyChar" time="2.042" classname="tests.TestRegister"/>
  <testcase name="TestFirstNameWitTwoChar" time="0.0" classname="tests.TestRegister">
    <ignored/>
  </testcase> <!-- TestFirstNameWitTwoChar -->
  <testcase name="testFirstNameWithOneChar" time="0.0" classname="tests.TestRegister">
    <ignored/>
  </testcase> <!-- testFirstNameWithOneChar -->
</testsuite> <!-- Default test -->
